<?xml version="1.0" encoding="UTF-8"?>
<testng-results ignored="0" total="1" passed="1" failed="0" skipped="0">
  <reporter-output>
    <line>
      <![CDATA[browser=chrome]]>
    </line>
    <line>
      <![CDATA[Preconditionmethod]]>
    </line>
    <line>
      <![CDATA[Set ITO10]]>
    </line>
    <line>
      <![CDATA[EnterURL]]>
    </line>
    <line>
      <![CDATA[Maximise the browser]]>
    </line>
    <line>
      <![CDATA[Set ETO10]]>
    </line>
    <line>
      <![CDATA[Close the browser]]>
    </line>
  </reporter-output>
  <suite started-at="2023-11-07T13:09:38 IST" name="Default suite" finished-at="2023-11-07T13:09:54 IST" duration-ms="16088">
    <groups>
    </groups>
    <test started-at="2023-11-07T13:09:38 IST" name="Default test" finished-at="2023-11-07T13:09:54 IST" duration-ms="16088">
      <class name="script.ValidLogin">
        <test-method is-config="true" signature="preCondition(java.lang.String,java.lang.String,java.lang.String,java.lang.String,java.lang.String,java.lang.String)[pri:0, instance:script.ValidLogin@2f9f7dcf]" started-at="2023-11-07T13:09:38 IST" name="preCondition" finished-at="2023-11-07T13:09:50 IST" duration-ms="12555" status="PASS">
          <params>
            <param index="0">
              <value>
                <![CDATA[no]]>
              </value>
            </param>
            <param index="1">
              <value>
                <![CDATA[http://192.168.0.120:4444]]>
              </value>
            </param>
            <param index="2">
              <value>
                <![CDATA[chrome]]>
              </value>
            </param>
            <param index="3">
              <value>
                <![CDATA[https://opensource-demo.orangehrmlive.com]]>
              </value>
            </param>
            <param index="4">
              <value>
                <![CDATA[10]]>
              </value>
            </param>
            <param index="5">
              <value>
                <![CDATA[10]]>
              </value>
            </param>
          </params>
          <reporter-output>
            <line>
              <![CDATA[browser=chrome]]>
            </line>
            <line>
              <![CDATA[Preconditionmethod]]>
            </line>
            <line>
              <![CDATA[Set ITO10]]>
            </line>
            <line>
              <![CDATA[EnterURL]]>
            </line>
            <line>
              <![CDATA[Maximise the browser]]>
            </line>
            <line>
              <![CDATA[Set ETO10]]>
            </line>
          </reporter-output>
        </test-method> <!-- preCondition -->
        <test-method signature="testValidLogin()[pri:1, instance:script.ValidLogin@2f9f7dcf]" started-at="2023-11-07T13:09:50 IST" name="testValidLogin" finished-at="2023-11-07T13:09:54 IST" duration-ms="3285" status="PASS">
          <reporter-output>
          </reporter-output>
        </test-method> <!-- testValidLogin -->
        <test-method is-config="true" signature="postCondition(org.testng.ITestResult)[pri:0, instance:script.ValidLogin@2f9f7dcf]" started-at="2023-11-07T13:09:54 IST" name="postCondition" finished-at="2023-11-07T13:09:54 IST" duration-ms="188" status="PASS">
          <params>
            <param index="0">
              <value>
                <![CDATA[[TestResult name=testValidLogin status=SUCCESS method=ValidLogin.testValidLogin()[pri:1, instance:script.ValidLogin@2f9f7dcf] output={null}]]]>
              </value>
            </param>
          </params>
          <reporter-output>
            <line>
              <![CDATA[Close the browser]]>
            </line>
          </reporter-output>
        </test-method> <!-- postCondition -->
      </class> <!-- script.ValidLogin -->
    </test> <!-- Default test -->
  </suite> <!-- Default suite -->
</testng-results>
